This file contains any messages produced by compilers while
running configure, to aid debugging if configure makes a mistake.

It was created by Vendetta Core configure 0.17.1, which was
generated by GNU Autoconf 2.69.  Invocation command line was

  $ ./configure --disable-shared --with-pic --with-bignum=no --enable-module-recovery --disable-jni --no-create --no-recursion

## --------- ##
## Platform. ##
## --------- ##

hostname = vendrey
uname -m = x86_64
uname -r = 4.18.0-21-generic
uname -s = Linux
uname -v = #22-Ubuntu SMP Wed May 15 13:13:21 UTC 2019

/usr/bin/uname -p = unknown
/bin/uname -X     = unknown

/bin/arch              = unknown
/usr/bin/arch -k       = unknown
/usr/convex/getsysinfo = unknown
/usr/bin/hostinfo      = unknown
/bin/machine           = unknown
/usr/bin/oslevel       = unknown
/bin/universe          = unknown

PATH: /usr/local/sbin
PATH: /usr/local/bin
PATH: /usr/sbin
PATH: /usr/bin
PATH: /sbin
PATH: /bin
PATH: /usr/games
PATH: /usr/local/games
PATH: /snap/bin


## ----------- ##
## Core tests. ##
## ----------- ##

configure:3090: checking build system type
configure:3104: result: x86_64-pc-linux-gnu
configure:3124: checking host system type
configure:3137: result: x86_64-pc-linux-gnu
configure:3180: checking for a BSD-compatible install
configure:3248: result: /usr/bin/install -c
configure:3259: checking whether build environment is sane
configure:3314: result: yes
configure:3465: checking for a thread-safe mkdir -p
configure:3504: result: /bin/mkdir -p
configure:3511: checking for gawk
configure:3541: result: no
configure:3511: checking for mawk
configure:3527: found /usr/bin/mawk
configure:3538: result: mawk
configure:3549: checking whether make sets $(MAKE)
configure:3571: result: yes
configure:3600: checking whether make supports nested variables
configure:3617: result: yes
configure:3736: checking whether to enable maintainer-specific portions of Makefiles
configure:3745: result: yes
configure:3770: checking whether make supports nested variables
configure:3787: result: yes
configure:3862: checking for g++
configure:3878: found /usr/bin/g++
configure:3889: result: g++
configure:3916: checking for C++ compiler version
configure:3925: g++ --version >&5
g++ (Ubuntu 8.3.0-6ubuntu1~18.10) 8.3.0
Copyright (C) 2018 Free Software Foundation, Inc.
This is free software; see the source for copying conditions.  There is NO
warranty; not even for MERCHANTABILITY or FITNESS FOR A PARTICULAR PURPOSE.

configure:3936: $? = 0
configure:3925: g++ -v >&5
Using built-in specs.
COLLECT_GCC=g++
COLLECT_LTO_WRAPPER=/usr/lib/gcc/x86_64-linux-gnu/8/lto-wrapper
OFFLOAD_TARGET_NAMES=nvptx-none
OFFLOAD_TARGET_DEFAULT=1
Target: x86_64-linux-gnu
Configured with: ../src/configure -v --with-pkgversion='Ubuntu 8.3.0-6ubuntu1~18.10' --with-bugurl=file:///usr/share/doc/gcc-8/README.Bugs --enable-languages=c,ada,c++,go,brig,d,fortran,objc,obj-c++ --prefix=/usr --with-gcc-major-version-only --program-suffix=-8 --program-prefix=x86_64-linux-gnu- --enable-shared --enable-linker-build-id --libexecdir=/usr/lib --without-included-gettext --enable-threads=posix --libdir=/usr/lib --enable-nls --enable-bootstrap --enable-clocale=gnu --enable-libstdcxx-debug --enable-libstdcxx-time=yes --with-default-libstdcxx-abi=new --enable-gnu-unique-object --disable-vtable-verify --enable-libmpx --enable-plugin --enable-default-pie --with-system-zlib --with-target-system-zlib --enable-objc-gc=auto --enable-multiarch --disable-werror --with-arch-32=i686 --with-abi=m64 --with-multilib-list=m32,m64,mx32 --enable-multilib --with-tune=generic --enable-offload-targets=nvptx-none --without-cuda-driver --enable-checking=release --build=x86_64-linux-gnu --host=x86_64-linux-gnu --target=x86_64-linux-gnu
Thread model: posix
gcc version 8.3.0 (Ubuntu 8.3.0-6ubuntu1~18.10) 
configure:3936: $? = 0
configure:3925: g++ -V >&5
g++: error: unrecognized command line option '-V'
g++: fatal error: no input files
compilation terminated.
configure:3936: $? = 1
configure:3925: g++ -qversion >&5
g++: error: unrecognized command line option '-qversion'; did you mean '--version'?
g++: fatal error: no input files
compilation terminated.
configure:3936: $? = 1
configure:3956: checking whether the C++ compiler works
configure:3978: g++    conftest.cpp  >&5
configure:3982: $? = 0
configure:4030: result: yes
configure:4033: checking for C++ compiler default output file name
configure:4035: result: a.out
configure:4041: checking for suffix of executables
configure:4048: g++ -o conftest    conftest.cpp  >&5
configure:4052: $? = 0
configure:4074: result: 
configure:4096: checking whether we are cross compiling
configure:4104: g++ -o conftest    conftest.cpp  >&5
configure:4108: $? = 0
configure:4115: ./conftest
configure:4119: $? = 0
configure:4134: result: no
configure:4139: checking for suffix of object files
configure:4161: g++ -c   conftest.cpp >&5
configure:4165: $? = 0
configure:4186: result: o
configure:4190: checking whether we are using the GNU C++ compiler
configure:4209: g++ -c   conftest.cpp >&5
configure:4209: $? = 0
configure:4218: result: yes
configure:4227: checking whether g++ accepts -g
configure:4247: g++ -c -g  conftest.cpp >&5
configure:4247: $? = 0
configure:4288: result: yes
configure:4314: checking whether make supports the include directive
configure:4329: make -f confmf.GNU && cat confinc.out
make[1]: Entering directory '/home/vendrey/Desktop/48zzIo2'
make[1]: Leaving directory '/home/vendrey/Desktop/48zzIo2'
this is the am__doit target
configure:4332: $? = 0
configure:4351: result: yes (GNU style)
configure:4376: checking dependency style of g++
configure:4487: result: gcc3
configure:4525: checking whether g++ supports C++11 features with -std=c++11
configure:4821: g++ -std=c++11 -c -g -O2  conftest.cpp >&5
configure:4821: $? = 0
configure:4830: result: yes
configure:4874: checking whether std::atomic can be used without link library
configure:4892: g++ -std=c++11 -o conftest -g -O2   conftest.cpp  >&5
configure:4892: $? = 0
configure:4894: result: yes
configure:5059: checking for Objective C++ compiler version
configure:5068: g++ -std=c++11 --version >&5
g++ (Ubuntu 8.3.0-6ubuntu1~18.10) 8.3.0
Copyright (C) 2018 Free Software Foundation, Inc.
This is free software; see the source for copying conditions.  There is NO
warranty; not even for MERCHANTABILITY or FITNESS FOR A PARTICULAR PURPOSE.

configure:5079: $? = 0
configure:5068: g++ -std=c++11 -v >&5
Using built-in specs.
COLLECT_GCC=g++
COLLECT_LTO_WRAPPER=/usr/lib/gcc/x86_64-linux-gnu/8/lto-wrapper
OFFLOAD_TARGET_NAMES=nvptx-none
OFFLOAD_TARGET_DEFAULT=1
Target: x86_64-linux-gnu
Configured with: ../src/configure -v --with-pkgversion='Ubuntu 8.3.0-6ubuntu1~18.10' --with-bugurl=file:///usr/share/doc/gcc-8/README.Bugs --enable-languages=c,ada,c++,go,brig,d,fortran,objc,obj-c++ --prefix=/usr --with-gcc-major-version-only --program-suffix=-8 --program-prefix=x86_64-linux-gnu- --enable-shared --enable-linker-build-id --libexecdir=/usr/lib --without-included-gettext --enable-threads=posix --libdir=/usr/lib --enable-nls --enable-bootstrap --enable-clocale=gnu --enable-libstdcxx-debug --enable-libstdcxx-time=yes --with-default-libstdcxx-abi=new --enable-gnu-unique-object --disable-vtable-verify --enable-libmpx --enable-plugin --enable-default-pie --with-system-zlib --with-target-system-zlib --enable-objc-gc=auto --enable-multiarch --disable-werror --with-arch-32=i686 --with-abi=m64 --with-multilib-list=m32,m64,mx32 --enable-multilib --with-tune=generic --enable-offload-targets=nvptx-none --without-cuda-driver --enable-checking=release --build=x86_64-linux-gnu --host=x86_64-linux-gnu --target=x86_64-linux-gnu
Thread model: posix
gcc version 8.3.0 (Ubuntu 8.3.0-6ubuntu1~18.10) 
configure:5079: $? = 0
configure:5068: g++ -std=c++11 -V >&5
g++: error: unrecognized command line option '-V'
g++: fatal error: no input files
compilation terminated.
configure:5079: $? = 1
configure:5068: g++ -std=c++11 -qversion >&5
g++: error: unrecognized command line option '-qversion'; did you mean '--version'?
g++: fatal error: no input files
compilation terminated.
configure:5079: $? = 1
configure:5083: checking whether we are using the GNU Objective C++ compiler
configure:5102: g++ -std=c++11 -c   conftest.mm >&5
g++: error trying to exec 'cc1objplus': execvp: No such file or directory
configure:5102: $? = 1
configure: failed program was:
| /* confdefs.h */
| #define PACKAGE_NAME "Vendetta Core"
| #define PACKAGE_TARNAME "vendetta"
| #define PACKAGE_VERSION "0.17.1"
| #define PACKAGE_STRING "Vendetta Core 0.17.1"
| #define PACKAGE_BUGREPORT "https://github.com/vendetta/vendetta/issues"
| #define PACKAGE_URL "https://vendettacore.org/"
| #define HAVE_CXX11 1
| /* end confdefs.h.  */
| 
| int
| main ()
| {
| #ifndef __GNUC__
|        choke me
| #endif
| 
|   ;
|   return 0;
| }
configure:5111: result: no
configure:5120: checking whether g++ -std=c++11 accepts -g
configure:5140: g++ -std=c++11 -c -g  conftest.mm >&5
g++: error trying to exec 'cc1objplus': execvp: No such file or directory
configure:5140: $? = 1
configure: failed program was:
| /* confdefs.h */
| #define PACKAGE_NAME "Vendetta Core"
| #define PACKAGE_TARNAME "vendetta"
| #define PACKAGE_VERSION "0.17.1"
| #define PACKAGE_STRING "Vendetta Core 0.17.1"
| #define PACKAGE_BUGREPORT "https://github.com/vendetta/vendetta/issues"
| #define PACKAGE_URL "https://vendettacore.org/"
| #define HAVE_CXX11 1
| /* end confdefs.h.  */
| 
| int
| main ()
| {
| 
|   ;
|   return 0;
| }
configure:5155: g++ -std=c++11 -c   conftest.mm >&5
g++: error trying to exec 'cc1objplus': execvp: No such file or directory
configure:5155: $? = 1
configure: failed program was:
| /* confdefs.h */
| #define PACKAGE_NAME "Vendetta Core"
| #define PACKAGE_TARNAME "vendetta"
| #define PACKAGE_VERSION "0.17.1"
| #define PACKAGE_STRING "Vendetta Core 0.17.1"
| #define PACKAGE_BUGREPORT "https://github.com/vendetta/vendetta/issues"
| #define PACKAGE_URL "https://vendettacore.org/"
| #define HAVE_CXX11 1
| /* end confdefs.h.  */
| 
| int
| main ()
| {
| 
|   ;
|   return 0;
| }
configure:5171: g++ -std=c++11 -c -g  conftest.mm >&5
g++: error trying to exec 'cc1objplus': execvp: No such file or directory
configure:5171: $? = 1
configure: failed program was:
| /* confdefs.h */
| #define PACKAGE_NAME "Vendetta Core"
| #define PACKAGE_TARNAME "vendetta"
| #define PACKAGE_VERSION "0.17.1"
| #define PACKAGE_STRING "Vendetta Core 0.17.1"
| #define PACKAGE_BUGREPORT "https://github.com/vendetta/vendetta/issues"
| #define PACKAGE_URL "https://vendettacore.org/"
| #define HAVE_CXX11 1
| /* end confdefs.h.  */
| 
| int
| main ()
| {
| 
|   ;
|   return 0;
| }
configure:5181: result: no
configure:5206: checking dependency style of g++ -std=c++11
configure:5315: result: gcc3
configure:5378: checking how to print strings
configure:5405: result: printf
configure:5474: checking for gcc
configure:5490: found /usr/bin/gcc
configure:5501: result: gcc
configure:5730: checking for C compiler version
configure:5739: gcc --version >&5
gcc (Ubuntu 8.3.0-6ubuntu1~18.10) 8.3.0
Copyright (C) 2018 Free Software Foundation, Inc.
This is free software; see the source for copying conditions.  There is NO
warranty; not even for MERCHANTABILITY or FITNESS FOR A PARTICULAR PURPOSE.

configure:5750: $? = 0
configure:5739: gcc -v >&5
Using built-in specs.
COLLECT_GCC=gcc
COLLECT_LTO_WRAPPER=/usr/lib/gcc/x86_64-linux-gnu/8/lto-wrapper
OFFLOAD_TARGET_NAMES=nvptx-none
OFFLOAD_TARGET_DEFAULT=1
Target: x86_64-linux-gnu
Configured with: ../src/configure -v --with-pkgversion='Ubuntu 8.3.0-6ubuntu1~18.10' --with-bugurl=file:///usr/share/doc/gcc-8/README.Bugs --enable-languages=c,ada,c++,go,brig,d,fortran,objc,obj-c++ --prefix=/usr --with-gcc-major-version-only --program-suffix=-8 --program-prefix=x86_64-linux-gnu- --enable-shared --enable-linker-build-id --libexecdir=/usr/lib --without-included-gettext --enable-threads=posix --libdir=/usr/lib --enable-nls --enable-bootstrap --enable-clocale=gnu --enable-libstdcxx-debug --enable-libstdcxx-time=yes --with-default-libstdcxx-abi=new --enable-gnu-unique-object --disable-vtable-verify --enable-libmpx --enable-plugin --enable-default-pie --with-system-zlib --with-target-system-zlib --enable-objc-gc=auto --enable-multiarch --disable-werror --with-arch-32=i686 --with-abi=m64 --with-multilib-list=m32,m64,mx32 --enable-multilib --with-tune=generic --enable-offload-targets=nvptx-none --without-cuda-driver --enable-checking=release --build=x86_64-linux-gnu --host=x86_64-linux-gnu --target=x86_64-linux-gnu
Thread model: posix
gcc version 8.3.0 (Ubuntu 8.3.0-6ubuntu1~18.10) 
configure:5750: $? = 0
configure:5739: gcc -V >&5
gcc: error: unrecognized command line option '-V'
gcc: fatal error: no input files
compilation terminated.
configure:5750: $? = 1
configure:5739: gcc -qversion >&5
gcc: error: unrecognized command line option '-qversion'; did you mean '--version'?
gcc: fatal error: no input files
compilation terminated.
configure:5750: $? = 1
configure:5754: checking whether we are using the GNU C compiler
configure:5773: gcc -c   conftest.c >&5
configure:5773: $? = 0
configure:5782: result: yes
configure:5791: checking whether gcc accepts -g
configure:5811: gcc -c -g  conftest.c >&5
configure:5811: $? = 0
configure:5852: result: yes
configure:5869: checking for gcc option to accept ISO C89
configure:5932: gcc  -c -g -O2  conftest.c >&5
configure:5932: $? = 0
configure:5945: result: none needed
configure:5970: checking whether gcc understands -c and -o together
configure:5992: gcc -c conftest.c -o conftest2.o
configure:5995: $? = 0
configure:5992: gcc -c conftest.c -o conftest2.o
configure:5995: $? = 0
configure:6007: result: yes
configure:6026: checking dependency style of gcc
configure:6137: result: gcc3
configure:6152: checking for a sed that does not truncate output
configure:6216: result: /bin/sed
configure:6234: checking for grep that handles long lines and -e
configure:6292: result: /bin/grep
configure:6297: checking for egrep
configure:6359: result: /bin/grep -E
configure:6364: checking for fgrep
configure:6426: result: /bin/grep -F
configure:6461: checking for ld used by gcc
configure:6528: result: /usr/bin/ld
configure:6535: checking if the linker (/usr/bin/ld) is GNU ld
configure:6550: result: yes
configure:6562: checking for BSD- or MS-compatible name lister (nm)
configure:6616: result: /usr/bin/nm -B
configure:6746: checking the name lister (/usr/bin/nm -B) interface
configure:6753: gcc -c -g -O2  conftest.c >&5
configure:6756: /usr/bin/nm -B "conftest.o"
configure:6759: output
0000000000000000 B some_variable
configure:6766: result: BSD nm
configure:6769: checking whether ln -s works
configure:6773: result: yes
configure:6781: checking the maximum length of command line arguments
configure:6912: result: 1572864
configure:6960: checking how to convert x86_64-pc-linux-gnu file names to x86_64-pc-linux-gnu format
configure:7000: result: func_convert_file_noop
configure:7007: checking how to convert x86_64-pc-linux-gnu file names to toolchain format
configure:7027: result: func_convert_file_noop
configure:7034: checking for /usr/bin/ld option to reload object files
configure:7041: result: -r
configure:7115: checking for objdump
configure:7131: found /usr/bin/objdump
configure:7142: result: objdump
configure:7174: checking how to recognize dependent libraries
configure:7374: result: pass_all
configure:7459: checking for dlltool
configure:7489: result: no
configure:7519: checking how to associate runtime and link libraries
configure:7546: result: printf %s\n
configure:7607: checking for ar
configure:7623: found /usr/bin/ar
configure:7634: result: ar
configure:7671: checking for archiver @FILE support
configure:7688: gcc -c -g -O2  conftest.c >&5
configure:7688: $? = 0
configure:7691: ar cru libconftest.a @conftest.lst >&5
ar: `u' modifier ignored since `D' is the default (see `U')
configure:7694: $? = 0
configure:7699: ar cru libconftest.a @conftest.lst >&5
ar: `u' modifier ignored since `D' is the default (see `U')
ar: conftest.o: No such file or directory
configure:7702: $? = 1
configure:7714: result: @
configure:7772: checking for strip
configure:7788: found /usr/bin/strip
configure:7799: result: strip
configure:7871: checking for ranlib
configure:7887: found /usr/bin/ranlib
configure:7898: result: ranlib
configure:8000: checking command to parse /usr/bin/nm -B output from gcc object
configure:8153: gcc -c -g -O2  conftest.c >&5
configure:8156: $? = 0
configure:8160: /usr/bin/nm -B conftest.o \| sed -n -e 's/^.*[ ]\([ABCDGIRSTW][ABCDGIRSTW]*\)[ ][ ]*\([_A-Za-z][_A-Za-z0-9]*\)$/\1 \2 \2/p' | sed '/ __gnu_lto/d' \> conftest.nm
configure:8163: $? = 0
configure:8229: gcc -o conftest -g -O2   conftest.c conftstm.o >&5
configure:8232: $? = 0
configure:8270: result: ok
configure:8317: checking for sysroot
configure:8347: result: no
configure:8354: checking for a working dd
configure:8392: result: /bin/dd
configure:8396: checking how to truncate binary pipes
configure:8411: result: /bin/dd bs=4096 count=1
configure:8547: gcc -c -g -O2  conftest.c >&5
configure:8550: $? = 0
configure:8740: checking for mt
configure:8756: found /bin/mt
configure:8767: result: mt
configure:8790: checking if mt is a manifest tool
configure:8796: mt '-?'
configure:8804: result: no
configure:9481: checking how to run the C preprocessor
configure:9512: gcc -E  conftest.c
configure:9512: $? = 0
configure:9526: gcc -E  conftest.c
conftest.c:10:10: fatal error: ac_nonexistent.h: No such file or directory
 #include <ac_nonexistent.h>
          ^~~~~~~~~~~~~~~~~~
compilation terminated.
configure:9526: $? = 1
configure: failed program was:
| /* confdefs.h */
| #define PACKAGE_NAME "Vendetta Core"
| #define PACKAGE_TARNAME "vendetta"
| #define PACKAGE_VERSION "0.17.1"
| #define PACKAGE_STRING "Vendetta Core 0.17.1"
| #define PACKAGE_BUGREPORT "https://github.com/vendetta/vendetta/issues"
| #define PACKAGE_URL "https://vendettacore.org/"
| #define HAVE_CXX11 1
| /* end confdefs.h.  */
| #include <ac_nonexistent.h>
configure:9551: result: gcc -E
configure:9571: gcc -E  conftest.c
configure:9571: $? = 0
configure:9585: gcc -E  conftest.c
conftest.c:10:10: fatal error: ac_nonexistent.h: No such file or directory
 #include <ac_nonexistent.h>
          ^~~~~~~~~~~~~~~~~~
compilation terminated.
configure:9585: $? = 1
configure: failed program was:
| /* confdefs.h */
| #define PACKAGE_NAME "Vendetta Core"
| #define PACKAGE_TARNAME "vendetta"
| #define PACKAGE_VERSION "0.17.1"
| #define PACKAGE_STRING "Vendetta Core 0.17.1"
| #define PACKAGE_BUGREPORT "https://github.com/vendetta/vendetta/issues"
| #define PACKAGE_URL "https://vendettacore.org/"
| #define HAVE_CXX11 1
| /* end confdefs.h.  */
| #include <ac_nonexistent.h>
configure:9614: checking for ANSI C header files
configure:9634: gcc -c -g -O2  conftest.c >&5
configure:9634: $? = 0
configure:9707: gcc -o conftest -g -O2   conftest.c  >&5
configure:9707: $? = 0
configure:9707: ./conftest
configure:9707: $? = 0
configure:9718: result: yes
configure:9731: checking for sys/types.h
configure:9731: gcc -c -g -O2  conftest.c >&5
configure:9731: $? = 0
configure:9731: result: yes
configure:9731: checking for sys/stat.h
configure:9731: gcc -c -g -O2  conftest.c >&5
configure:9731: $? = 0
configure:9731: result: yes
configure:9731: checking for stdlib.h
configure:9731: gcc -c -g -O2  conftest.c >&5
configure:9731: $? = 0
configure:9731: result: yes
configure:9731: checking for string.h
configure:9731: gcc -c -g -O2  conftest.c >&5
configure:9731: $? = 0
configure:9731: result: yes
configure:9731: checking for memory.h
configure:9731: gcc -c -g -O2  conftest.c >&5
configure:9731: $? = 0
configure:9731: result: yes
configure:9731: checking for strings.h
configure:9731: gcc -c -g -O2  conftest.c >&5
configure:9731: $? = 0
configure:9731: result: yes
configure:9731: checking for inttypes.h
configure:9731: gcc -c -g -O2  conftest.c >&5
configure:9731: $? = 0
configure:9731: result: yes
configure:9731: checking for stdint.h
configure:9731: gcc -c -g -O2  conftest.c >&5
configure:9731: $? = 0
configure:9731: result: yes
configure:9731: checking for unistd.h
configure:9731: gcc -c -g -O2  conftest.c >&5
configure:9731: $? = 0
configure:9731: result: yes
configure:9745: checking for dlfcn.h
configure:9745: gcc -c -g -O2  conftest.c >&5
configure:9745: $? = 0
configure:9745: result: yes
configure:10010: checking for objdir
configure:10025: result: .libs
configure:10289: checking if gcc supports -fno-rtti -fno-exceptions
configure:10307: gcc -c -g -O2  -fno-rtti -fno-exceptions conftest.c >&5
cc1: warning: command line option '-fno-rtti' is valid for C++/ObjC++ but not for C
configure:10311: $? = 0
configure:10324: result: no
configure:10682: checking for gcc option to produce PIC
configure:10689: result: -fPIC -DPIC
configure:10697: checking if gcc PIC flag -fPIC -DPIC works
configure:10715: gcc -c -g -O2  -fPIC -DPIC -DPIC conftest.c >&5
configure:10719: $? = 0
configure:10732: result: yes
configure:10761: checking if gcc static flag -static works
configure:10789: result: yes
configure:10804: checking if gcc supports -c -o file.o
configure:10825: gcc -c -g -O2  -o out/conftest2.o conftest.c >&5
configure:10829: $? = 0
configure:10851: result: yes
configure:10859: checking if gcc supports -c -o file.o
configure:10906: result: yes
configure:10939: checking whether the gcc linker (/usr/bin/ld -m elf_x86_64) supports shared libraries
configure:12202: result: yes
configure:12442: checking dynamic linker characteristics
configure:13023: gcc -o conftest -g -O2   -Wl,-rpath -Wl,/foo conftest.c  >&5
configure:13023: $? = 0
configure:13272: result: GNU/Linux ld.so
configure:13394: checking how to hardcode library paths into programs
configure:13419: result: immediate
configure:13967: checking whether stripping libraries is possible
configure:13972: result: yes
configure:14007: checking if libtool supports shared libraries
configure:14009: result: yes
configure:14012: checking whether to build shared libraries
configure:14037: result: no
configure:14040: checking whether to build static libraries
configure:14044: result: yes
configure:14067: checking how to run the C++ preprocessor
configure:14094: g++ -std=c++11 -E  conftest.cpp
configure:14094: $? = 0
configure:14108: g++ -std=c++11 -E  conftest.cpp
conftest.cpp:22:10: fatal error: ac_nonexistent.h: No such file or directory
 #include <ac_nonexistent.h>
          ^~~~~~~~~~~~~~~~~~
compilation terminated.
configure:14108: $? = 1
configure: failed program was:
| /* confdefs.h */
| #define PACKAGE_NAME "Vendetta Core"
| #define PACKAGE_TARNAME "vendetta"
| #define PACKAGE_VERSION "0.17.1"
| #define PACKAGE_STRING "Vendetta Core 0.17.1"
| #define PACKAGE_BUGREPORT "https://github.com/vendetta/vendetta/issues"
| #define PACKAGE_URL "https://vendettacore.org/"
| #define HAVE_CXX11 1
| #define STDC_HEADERS 1
| #define HAVE_SYS_TYPES_H 1
| #define HAVE_SYS_STAT_H 1
| #define HAVE_STDLIB_H 1
| #define HAVE_STRING_H 1
| #define HAVE_MEMORY_H 1
| #define HAVE_STRINGS_H 1
| #define HAVE_INTTYPES_H 1
| #define HAVE_STDINT_H 1
| #define HAVE_UNISTD_H 1
| #define HAVE_DLFCN_H 1
| #define LT_OBJDIR ".libs/"
| /* end confdefs.h.  */
| #include <ac_nonexistent.h>
configure:14133: result: g++ -std=c++11 -E
configure:14153: g++ -std=c++11 -E  conftest.cpp
configure:14153: $? = 0
configure:14167: g++ -std=c++11 -E  conftest.cpp
conftest.cpp:22:10: fatal error: ac_nonexistent.h: No such file or directory
 #include <ac_nonexistent.h>
          ^~~~~~~~~~~~~~~~~~
compilation terminated.
configure:14167: $? = 1
configure: failed program was:
| /* confdefs.h */
| #define PACKAGE_NAME "Vendetta Core"
| #define PACKAGE_TARNAME "vendetta"
| #define PACKAGE_VERSION "0.17.1"
| #define PACKAGE_STRING "Vendetta Core 0.17.1"
| #define PACKAGE_BUGREPORT "https://github.com/vendetta/vendetta/issues"
| #define PACKAGE_URL "https://vendettacore.org/"
| #define HAVE_CXX11 1
| #define STDC_HEADERS 1
| #define HAVE_SYS_TYPES_H 1
| #define HAVE_SYS_STAT_H 1
| #define HAVE_STDLIB_H 1
| #define HAVE_STRING_H 1
| #define HAVE_MEMORY_H 1
| #define HAVE_STRINGS_H 1
| #define HAVE_INTTYPES_H 1
| #define HAVE_STDINT_H 1
| #define HAVE_UNISTD_H 1
| #define HAVE_DLFCN_H 1
| #define LT_OBJDIR ".libs/"
| /* end confdefs.h.  */
| #include <ac_nonexistent.h>
configure:14329: checking for ld used by g++ -std=c++11
configure:14396: result: /usr/bin/ld -m elf_x86_64
configure:14403: checking if the linker (/usr/bin/ld -m elf_x86_64) is GNU ld
configure:14418: result: yes
configure:14473: checking whether the g++ -std=c++11 linker (/usr/bin/ld -m elf_x86_64) supports shared libraries
configure:15546: result: yes
configure:15582: g++ -std=c++11 -c -g -O2  conftest.cpp >&5
configure:15585: $? = 0
configure:16066: checking for g++ -std=c++11 option to produce PIC
configure:16073: result: -fPIC -DPIC
configure:16081: checking if g++ -std=c++11 PIC flag -fPIC -DPIC works
configure:16099: g++ -std=c++11 -c -g -O2  -fPIC -DPIC -DPIC conftest.cpp >&5
configure:16103: $? = 0
configure:16116: result: yes
configure:16139: checking if g++ -std=c++11 static flag -static works
configure:16167: result: yes
configure:16179: checking if g++ -std=c++11 supports -c -o file.o
configure:16200: g++ -std=c++11 -c -g -O2  -o out/conftest2.o conftest.cpp >&5
configure:16204: $? = 0
configure:16226: result: yes
configure:16231: checking if g++ -std=c++11 supports -c -o file.o
configure:16278: result: yes
configure:16308: checking whether the g++ -std=c++11 linker (/usr/bin/ld -m elf_x86_64) supports shared libraries
configure:16351: result: yes
configure:16492: checking dynamic linker characteristics
configure:17249: result: GNU/Linux ld.so
configure:17314: checking how to hardcode library paths into programs
configure:17339: result: immediate
configure:17447: checking for ar
configure:17465: found /usr/bin/ar
configure:17477: result: /usr/bin/ar
configure:17545: checking for ranlib
configure:17563: found /usr/bin/ranlib
configure:17575: result: /usr/bin/ranlib
configure:17643: checking for strip
configure:17661: found /usr/bin/strip
configure:17673: result: /usr/bin/strip
configure:17741: checking for gcov
configure:17759: found /usr/bin/gcov
configure:17771: result: /usr/bin/gcov
configure:17795: checking for lcov
configure:17828: result: no
configure:17837: checking for python3.7
configure:17870: result: no
configure:17837: checking for python3.6
configure:17855: found /usr/bin/python3.6
configure:17867: result: /usr/bin/python3.6
configure:17880: checking for genhtml
configure:17913: result: no
configure:17920: checking for git
configure:17938: found /usr/bin/git
configure:17950: result: /usr/bin/git
configure:17960: checking for ccache
configure:17993: result: no
configure:18000: checking for xgettext
configure:18018: found /usr/bin/xgettext
configure:18030: result: /usr/bin/xgettext
configure:18040: checking for hexdump
configure:18058: found /usr/bin/hexdump
configure:18070: result: /usr/bin/hexdump
configure:18124: checking for readelf
configure:18142: found /usr/bin/readelf
configure:18154: result: /usr/bin/readelf
configure:18222: checking for c++filt
configure:18240: found /usr/bin/c++filt
configure:18252: result: /usr/bin/c++filt
configure:18320: checking for objcopy
configure:18338: found /usr/bin/objcopy
configure:18350: result: /usr/bin/objcopy
configure:18374: checking for doxygen
configure:18407: result: no
configure:18413: WARNING: Doxygen not found
configure:18637: checking whether C++ compiler accepts -Werror
configure:18656: g++ -std=c++11 -c -g -O2  -Werror  conftest.cpp >&5
configure:18656: $? = 0
configure:18664: result: yes
configure:19112: checking whether C++ compiler accepts -Wall
configure:19131: g++ -std=c++11 -c -g -O2 -Werror -Wall  conftest.cpp >&5
configure:19131: $? = 0
configure:19140: result: yes
configure:19149: checking whether C++ compiler accepts -Wextra
configure:19168: g++ -std=c++11 -c -g -O2 -Werror -Wextra  conftest.cpp >&5
configure:19168: $? = 0
configure:19177: result: yes
configure:19186: checking whether C++ compiler accepts -Wformat
configure:19205: g++ -std=c++11 -c -g -O2 -Werror -Wformat  conftest.cpp >&5
configure:19205: $? = 0
configure:19214: result: yes
configure:19223: checking whether C++ compiler accepts -Wvla
configure:19242: g++ -std=c++11 -c -g -O2 -Werror -Wvla  conftest.cpp >&5
configure:19242: $? = 0
configure:19251: result: yes
configure:19260: checking whether C++ compiler accepts -Wformat-security
configure:19279: g++ -std=c++11 -c -g -O2 -Werror -Wformat-security  conftest.cpp >&5
configure:19279: $? = 0
configure:19288: result: yes
configure:19297: checking whether C++ compiler accepts -Wthread-safety-analysis
configure:19316: g++ -std=c++11 -c -g -O2 -Werror -Wthread-safety-analysis  conftest.cpp >&5
g++: error: unrecognized command line option '-Wthread-safety-analysis'; did you mean '-fthreadsafe-statics'?
configure:19316: $? = 1
configure: failed program was:

## ---------------- ##
## Cache variables. ##
## ---------------- ##

ac_cv_build=x86_64-pc-linux-gnu
ac_cv_c_compiler_gnu=yes
ac_cv_cxx_compiler_gnu=yes
ac_cv_env_ARFLAGS_set=
ac_cv_env_ARFLAGS_value=
ac_cv_env_BDB_CFLAGS_set=
ac_cv_env_BDB_CFLAGS_value=
ac_cv_env_BDB_LIBS_set=
ac_cv_env_BDB_LIBS_value=
ac_cv_env_CCC_set=
ac_cv_env_CCC_value=
ac_cv_env_CC_set=
ac_cv_env_CC_value=
ac_cv_env_CFLAGS_set=
ac_cv_env_CFLAGS_value=
ac_cv_env_CPPFLAGS_set=
ac_cv_env_CPPFLAGS_value=
ac_cv_env_CPP_set=
ac_cv_env_CPP_value=
ac_cv_env_CRYPTO_CFLAGS_set=
ac_cv_env_CRYPTO_CFLAGS_value=
ac_cv_env_CRYPTO_LIBS_set=
ac_cv_env_CRYPTO_LIBS_value=
ac_cv_env_CXXCPP_set=
ac_cv_env_CXXCPP_value=
ac_cv_env_CXXFLAGS_set=
ac_cv_env_CXXFLAGS_value=
ac_cv_env_CXX_set=
ac_cv_env_CXX_value=
ac_cv_env_EVENT_CFLAGS_set=
ac_cv_env_EVENT_CFLAGS_value=
ac_cv_env_EVENT_LIBS_set=
ac_cv_env_EVENT_LIBS_value=
ac_cv_env_EVENT_PTHREADS_CFLAGS_set=
ac_cv_env_EVENT_PTHREADS_CFLAGS_value=
ac_cv_env_EVENT_PTHREADS_LIBS_set=
ac_cv_env_EVENT_PTHREADS_LIBS_value=
ac_cv_env_LDFLAGS_set=
ac_cv_env_LDFLAGS_value=
ac_cv_env_LIBS_set=
ac_cv_env_LIBS_value=
ac_cv_env_LT_SYS_LIBRARY_PATH_set=
ac_cv_env_LT_SYS_LIBRARY_PATH_value=
ac_cv_env_OBJCXXFLAGS_set=
ac_cv_env_OBJCXXFLAGS_value=
ac_cv_env_OBJCXX_set=
ac_cv_env_OBJCXX_value=
ac_cv_env_PKG_CONFIG_LIBDIR_set=
ac_cv_env_PKG_CONFIG_LIBDIR_value=
ac_cv_env_PKG_CONFIG_PATH_set=
ac_cv_env_PKG_CONFIG_PATH_value=
ac_cv_env_PKG_CONFIG_set=
ac_cv_env_PKG_CONFIG_value=
ac_cv_env_PROTOBUF_CFLAGS_set=
ac_cv_env_PROTOBUF_CFLAGS_value=
ac_cv_env_PROTOBUF_LIBS_set=
ac_cv_env_PROTOBUF_LIBS_value=
ac_cv_env_PYTHONPATH_set=set
ac_cv_env_PYTHONPATH_value=
ac_cv_env_QR_CFLAGS_set=
ac_cv_env_QR_CFLAGS_value=
ac_cv_env_QR_LIBS_set=
ac_cv_env_QR_LIBS_value=
ac_cv_env_QT5_CFLAGS_set=
ac_cv_env_QT5_CFLAGS_value=
ac_cv_env_QT5_LIBS_set=
ac_cv_env_QT5_LIBS_value=
ac_cv_env_QTACCESSIBILITY_CFLAGS_set=
ac_cv_env_QTACCESSIBILITY_CFLAGS_value=
ac_cv_env_QTACCESSIBILITY_LIBS_set=
ac_cv_env_QTACCESSIBILITY_LIBS_value=
ac_cv_env_QTCGL_CFLAGS_set=
ac_cv_env_QTCGL_CFLAGS_value=
ac_cv_env_QTCGL_LIBS_set=
ac_cv_env_QTCGL_LIBS_value=
ac_cv_env_QTCLIPBOARD_CFLAGS_set=
ac_cv_env_QTCLIPBOARD_CFLAGS_value=
ac_cv_env_QTCLIPBOARD_LIBS_set=
ac_cv_env_QTCLIPBOARD_LIBS_value=
ac_cv_env_QTDEVICEDISCOVERY_CFLAGS_set=
ac_cv_env_QTDEVICEDISCOVERY_CFLAGS_value=
ac_cv_env_QTDEVICEDISCOVERY_LIBS_set=
ac_cv_env_QTDEVICEDISCOVERY_LIBS_value=
ac_cv_env_QTEVENTDISPATCHER_CFLAGS_set=
ac_cv_env_QTEVENTDISPATCHER_CFLAGS_value=
ac_cv_env_QTEVENTDISPATCHER_LIBS_set=
ac_cv_env_QTEVENTDISPATCHER_LIBS_value=
ac_cv_env_QTFB_CFLAGS_set=
ac_cv_env_QTFB_CFLAGS_value=
ac_cv_env_QTFB_LIBS_set=
ac_cv_env_QTFB_LIBS_value=
ac_cv_env_QTFONTDATABASE_CFLAGS_set=
ac_cv_env_QTFONTDATABASE_CFLAGS_value=
ac_cv_env_QTFONTDATABASE_LIBS_set=
ac_cv_env_QTFONTDATABASE_LIBS_value=
ac_cv_env_QTGRAPHICS_CFLAGS_set=
ac_cv_env_QTGRAPHICS_CFLAGS_value=
ac_cv_env_QTGRAPHICS_LIBS_set=
ac_cv_env_QTGRAPHICS_LIBS_value=
ac_cv_env_QTPLATFORM_CFLAGS_set=
ac_cv_env_QTPLATFORM_CFLAGS_value=
ac_cv_env_QTPLATFORM_LIBS_set=
ac_cv_env_QTPLATFORM_LIBS_value=
ac_cv_env_QTTHEME_CFLAGS_set=
ac_cv_env_QTTHEME_CFLAGS_value=
ac_cv_env_QTTHEME_LIBS_set=
ac_cv_env_QTTHEME_LIBS_value=
ac_cv_env_QTXCBQPA_CFLAGS_set=
ac_cv_env_QTXCBQPA_CFLAGS_value=
ac_cv_env_QTXCBQPA_LIBS_set=
ac_cv_env_QTXCBQPA_LIBS_value=
ac_cv_env_QT_DBUS_CFLAGS_set=
ac_cv_env_QT_DBUS_CFLAGS_value=
ac_cv_env_QT_DBUS_LIBS_set=
ac_cv_env_QT_DBUS_LIBS_value=
ac_cv_env_QT_TEST_CFLAGS_set=
ac_cv_env_QT_TEST_CFLAGS_value=
ac_cv_env_QT_TEST_LIBS_set=
ac_cv_env_QT_TEST_LIBS_value=
ac_cv_env_SSL_CFLAGS_set=
ac_cv_env_SSL_CFLAGS_value=
ac_cv_env_SSL_LIBS_set=
ac_cv_env_SSL_LIBS_value=
ac_cv_env_UNIVALUE_CFLAGS_set=
ac_cv_env_UNIVALUE_CFLAGS_value=
ac_cv_env_UNIVALUE_LIBS_set=
ac_cv_env_UNIVALUE_LIBS_value=
ac_cv_env_X11XCB_CFLAGS_set=
ac_cv_env_X11XCB_CFLAGS_value=
ac_cv_env_X11XCB_LIBS_set=
ac_cv_env_X11XCB_LIBS_value=
ac_cv_env_ZMQ_CFLAGS_set=
ac_cv_env_ZMQ_CFLAGS_value=
ac_cv_env_ZMQ_LIBS_set=
ac_cv_env_ZMQ_LIBS_value=
ac_cv_env_build_alias_set=
ac_cv_env_build_alias_value=
ac_cv_env_host_alias_set=
ac_cv_env_host_alias_value=
ac_cv_env_target_alias_set=
ac_cv_env_target_alias_value=
ac_cv_header_dlfcn_h=yes
ac_cv_header_inttypes_h=yes
ac_cv_header_memory_h=yes
ac_cv_header_stdc=yes
ac_cv_header_stdint_h=yes
ac_cv_header_stdlib_h=yes
ac_cv_header_string_h=yes
ac_cv_header_strings_h=yes
ac_cv_header_sys_stat_h=yes
ac_cv_header_sys_types_h=yes
ac_cv_header_unistd_h=yes
ac_cv_host=x86_64-pc-linux-gnu
ac_cv_objcxx_compiler_gnu=no
ac_cv_objext=o
ac_cv_path_EGREP='/bin/grep -E'
ac_cv_path_FGREP='/bin/grep -F'
ac_cv_path_GIT=/usr/bin/git
ac_cv_path_GREP=/bin/grep
ac_cv_path_HEXDUMP=/usr/bin/hexdump
ac_cv_path_PYTHON=/usr/bin/python3.6
ac_cv_path_SED=/bin/sed
ac_cv_path_XGETTEXT=/usr/bin/xgettext
ac_cv_path_ac_pt_AR=/usr/bin/ar
ac_cv_path_ac_pt_CPPFILT=/usr/bin/c++filt
ac_cv_path_ac_pt_GCOV=/usr/bin/gcov
ac_cv_path_ac_pt_OBJCOPY=/usr/bin/objcopy
ac_cv_path_ac_pt_RANLIB=/usr/bin/ranlib
ac_cv_path_ac_pt_READELF=/usr/bin/readelf
ac_cv_path_ac_pt_STRIP=/usr/bin/strip
ac_cv_path_install='/usr/bin/install -c'
ac_cv_path_lt_DD=/bin/dd
ac_cv_path_mkdir=/bin/mkdir
ac_cv_prog_AWK=mawk
ac_cv_prog_CPP='gcc -E'
ac_cv_prog_CXXCPP='g++ -std=c++11 -E'
ac_cv_prog_ac_ct_AR=ar
ac_cv_prog_ac_ct_CC=gcc
ac_cv_prog_ac_ct_CXX=g++
ac_cv_prog_ac_ct_MANIFEST_TOOL=mt
ac_cv_prog_ac_ct_OBJDUMP=objdump
ac_cv_prog_ac_ct_RANLIB=ranlib
ac_cv_prog_ac_ct_STRIP=strip
ac_cv_prog_cc_c89=
ac_cv_prog_cc_g=yes
ac_cv_prog_cxx_g=yes
ac_cv_prog_make_make_set=yes
ac_cv_prog_objcxx_g=no
am_cv_CC_dependencies_compiler_type=gcc3
am_cv_CXX_dependencies_compiler_type=gcc3
am_cv_OBJCXX_dependencies_compiler_type=gcc3
am_cv_make_support_nested_variables=yes
am_cv_prog_cc_c_o=yes
ax_cv_check_cxxflags__Wall=yes
ax_cv_check_cxxflags__Wextra=yes
ax_cv_check_cxxflags__Wformat=yes
ax_cv_check_cxxflags__Wformat_security=yes
ax_cv_check_cxxflags__Wvla=yes
ax_cv_check_cxxflags___Werror=yes
ax_cv_cxx_compile_cxx11__std_cpp11=yes
lt_cv_ar_at_file=@
lt_cv_deplibs_check_method=pass_all
lt_cv_file_magic_cmd='$MAGIC_CMD'
lt_cv_file_magic_test_file=
lt_cv_ld_reload_flag=-r
lt_cv_nm_interface='BSD nm'
lt_cv_objdir=.libs
lt_cv_path_LD=/usr/bin/ld
lt_cv_path_LDCXX='/usr/bin/ld -m elf_x86_64'
lt_cv_path_NM='/usr/bin/nm -B'
lt_cv_path_mainfest_tool=no
lt_cv_prog_compiler_c_o=yes
lt_cv_prog_compiler_c_o_CXX=yes
lt_cv_prog_compiler_pic='-fPIC -DPIC'
lt_cv_prog_compiler_pic_CXX='-fPIC -DPIC'
lt_cv_prog_compiler_pic_works=yes
lt_cv_prog_compiler_pic_works_CXX=yes
lt_cv_prog_compiler_rtti_exceptions=no
lt_cv_prog_compiler_static_works=yes
lt_cv_prog_compiler_static_works_CXX=yes
lt_cv_prog_gnu_ld=yes
lt_cv_prog_gnu_ldcxx=yes
lt_cv_sharedlib_from_linklib_cmd='printf %s\n'
lt_cv_shlibpath_overrides_runpath=yes
lt_cv_sys_global_symbol_pipe='sed -n -e '\''s/^.*[	 ]\([ABCDGIRSTW][ABCDGIRSTW]*\)[	 ][	 ]*\([_A-Za-z][_A-Za-z0-9]*\)$/\1 \2 \2/p'\'' | sed '\''/ __gnu_lto/d'\'''
lt_cv_sys_global_symbol_to_c_name_address='sed -n -e '\''s/^: \(.*\) .*$/  {"\1", (void *) 0},/p'\'' -e '\''s/^[ABCDGIRSTW][ABCDGIRSTW]* .* \(.*\)$/  {"\1", (void *) \&\1},/p'\'''
lt_cv_sys_global_symbol_to_c_name_address_lib_prefix='sed -n -e '\''s/^: \(.*\) .*$/  {"\1", (void *) 0},/p'\'' -e '\''s/^[ABCDGIRSTW][ABCDGIRSTW]* .* \(lib.*\)$/  {"\1", (void *) \&\1},/p'\'' -e '\''s/^[ABCDGIRSTW][ABCDGIRSTW]* .* \(.*\)$/  {"lib\1", (void *) \&\1},/p'\'''
lt_cv_sys_global_symbol_to_cdecl='sed -n -e '\''s/^T .* \(.*\)$/extern int \1();/p'\'' -e '\''s/^[ABCDGIRSTW][ABCDGIRSTW]* .* \(.*\)$/extern char \1;/p'\'''
lt_cv_sys_global_symbol_to_import=
lt_cv_sys_max_cmd_len=1572864
lt_cv_to_host_file_cmd=func_convert_file_noop
lt_cv_to_tool_file_cmd=func_convert_file_noop
lt_cv_truncate_bin='/bin/dd bs=4096 count=1'

## ----------------- ##
## Output variables. ##
## ----------------- ##

ACLOCAL='${SHELL} /home/vendrey/Desktop/48zzIo2/build-aux/missing aclocal-1.16'
AMDEPBACKSLASH='\'
AMDEP_FALSE='#'
AMDEP_TRUE=''
AMTAR='$${TAR-tar}'
AM_BACKSLASH='\'
AM_DEFAULT_V='$(AM_DEFAULT_VERBOSITY)'
AM_DEFAULT_VERBOSITY='0'
AM_V='$(V)'
AR='/usr/bin/ar'
ARFLAGS='cr'
AUTOCONF='${SHELL} /home/vendrey/Desktop/48zzIo2/build-aux/missing autoconf'
AUTOHEADER='${SHELL} /home/vendrey/Desktop/48zzIo2/build-aux/missing autoheader'
AUTOMAKE='${SHELL} /home/vendrey/Desktop/48zzIo2/build-aux/missing automake-1.16'
AVX2_CXXFLAGS=''
AWK='mawk'
BDB_CFLAGS=''
BDB_CPPFLAGS=''
BDB_LIBS=''
BOOST_CHRONO_LIB=''
BOOST_CPPFLAGS=''
BOOST_FILESYSTEM_LIB=''
BOOST_LDFLAGS=''
BOOST_LIBS=''
BOOST_SYSTEM_LIB=''
BOOST_THREAD_LIB=''
BOOST_UNIT_TEST_FRAMEWORK_LIB=''
BREW=''
BUILD_DARWIN_FALSE=''
BUILD_DARWIN_TRUE=''
BUILD_VENDETTAD_FALSE=''
BUILD_VENDETTAD_TRUE=''
BUILD_VENDETTA_LIBS_FALSE=''
BUILD_VENDETTA_LIBS_TRUE=''
BUILD_VENDETTA_UTILS_FALSE=''
BUILD_VENDETTA_UTILS_TRUE=''
CC='gcc'
CCACHE=''
CCDEPMODE='depmode=gcc3'
CFLAGS='-g -O2'
CLIENT_VERSION_BUILD=''
CLIENT_VERSION_IS_RELEASE=''
CLIENT_VERSION_MAJOR=''
CLIENT_VERSION_MINOR=''
CLIENT_VERSION_REVISION=''
COMPAT_LDFLAGS=''
COPYRIGHT_HOLDERS=''
COPYRIGHT_HOLDERS_FINAL=''
COPYRIGHT_HOLDERS_SUBSTITUTION=''
COPYRIGHT_YEAR=''
CPP='gcc -E'
CPPFILT='/usr/bin/c++filt'
CPPFLAGS=''
CRYPTO_CFLAGS=''
CRYPTO_LIBS=''
CXX='g++ -std=c++11'
CXXCPP='g++ -std=c++11 -E'
CXXDEPMODE='depmode=gcc3'
CXXFLAGS='-g -O2 -Werror -Wthread-safety-analysis'
CYGPATH_W='echo'
DEBUG_CPPFLAGS=''
DEBUG_CXXFLAGS=''
DEFS=''
DEPDIR='.deps'
DLLTOOL='false'
DOXYGEN=''
DSYMUTIL=''
DUMPBIN=''
ECHO_C=''
ECHO_N='-n'
ECHO_T=''
EGREP='/bin/grep -E'
EMBEDDED_LEVELDB_FALSE=''
EMBEDDED_LEVELDB_TRUE=''
EMBEDDED_UNIVALUE_FALSE=''
EMBEDDED_UNIVALUE_TRUE=''
ENABLE_AVX2_FALSE=''
ENABLE_AVX2_TRUE=''
ENABLE_BENCH_FALSE=''
ENABLE_BENCH_TRUE=''
ENABLE_HWCRC32_FALSE=''
ENABLE_HWCRC32_TRUE=''
ENABLE_MAN_FALSE='#'
ENABLE_MAN_TRUE=''
ENABLE_QT_FALSE=''
ENABLE_QT_TESTS_FALSE=''
ENABLE_QT_TESTS_TRUE=''
ENABLE_QT_TRUE=''
ENABLE_SHANI_FALSE=''
ENABLE_SHANI_TRUE=''
ENABLE_SSE41_FALSE=''
ENABLE_SSE41_TRUE=''
ENABLE_TESTS_FALSE=''
ENABLE_TESTS_TRUE=''
ENABLE_WALLET_FALSE=''
ENABLE_WALLET_TRUE=''
ENABLE_ZMQ_FALSE=''
ENABLE_ZMQ_TRUE=''
ERROR_CXXFLAGS=''
EVENT_CFLAGS=''
EVENT_LIBS=''
EVENT_PTHREADS_CFLAGS=''
EVENT_PTHREADS_LIBS=''
EXEEXT=''
EXTENDED_FUNCTIONAL_TESTS=''
FGREP='/bin/grep -F'
GCOV='/usr/bin/gcov'
GENHTML=''
GENISOIMAGE=''
GIT='/usr/bin/git'
GLIBC_BACK_COMPAT_FALSE=''
GLIBC_BACK_COMPAT_TRUE=''
GPROF_CXXFLAGS=''
GPROF_LDFLAGS=''
GREP='/bin/grep'
HARDENED_CPPFLAGS=''
HARDENED_CXXFLAGS=''
HARDENED_LDFLAGS=''
HARDEN_FALSE=''
HARDEN_TRUE=''
HAVE_CXX11='1'
HAVE_DOXYGEN_FALSE=''
HAVE_DOXYGEN_TRUE='#'
HEXDUMP='/usr/bin/hexdump'
IMAGEMAGICK_CONVERT=''
INSTALLNAMETOOL=''
INSTALL_DATA='${INSTALL} -m 644'
INSTALL_PROGRAM='${INSTALL}'
INSTALL_SCRIPT='${INSTALL}'
INSTALL_STRIP_PROGRAM='$(install_sh) -c -s'
LCOV=''
LCOV_OPTS=''
LD='/usr/bin/ld -m elf_x86_64'
LDFLAGS=''
LEVELDB_CPPFLAGS=''
LEVELDB_TARGET_FLAGS=''
LIBLEVELDB=''
LIBMEMENV=''
LIBOBJS=''
LIBS=''
LIBTOOL='$(SHELL) $(top_builddir)/libtool'
LIBTOOL_APP_LDFLAGS=''
LIPO=''
LN_S='ln -s'
LRELEASE=''
LTLIBOBJS=''
LT_SYS_LIBRARY_PATH=''
LUPDATE=''
MAINT=''
MAINTAINER_MODE_FALSE='#'
MAINTAINER_MODE_TRUE=''
MAKEINFO='${SHELL} /home/vendrey/Desktop/48zzIo2/build-aux/missing makeinfo'
MAKENSIS=''
MANIFEST_TOOL=':'
MINIUPNPC_CPPFLAGS=''
MINIUPNPC_LIBS=''
MKDIR_P='/bin/mkdir -p'
MOC=''
MOC_DEFS=''
NM='/usr/bin/nm -B'
NMEDIT=''
NOWARN_CXXFLAGS=''
OBJCOPY='/usr/bin/objcopy'
OBJCXX='g++ -std=c++11'
OBJCXXDEPMODE='depmode=gcc3'
OBJCXXFLAGS=''
OBJDUMP='objdump'
OBJEXT='o'
OTOOL64=''
OTOOL=''
PACKAGE='vendetta'
PACKAGE_BUGREPORT='https://github.com/vendetta/vendetta/issues'
PACKAGE_NAME='Vendetta Core'
PACKAGE_STRING='Vendetta Core 0.17.1'
PACKAGE_TARNAME='vendetta'
PACKAGE_URL='https://vendettacore.org/'
PACKAGE_VERSION='0.17.1'
PATH_SEPARATOR=':'
PIC_FLAGS=''
PIE_FLAGS=''
PKG_CONFIG=''
PKG_CONFIG_LIBDIR=''
PKG_CONFIG_PATH=''
PORT=''
PROTOBUF_CFLAGS=''
PROTOBUF_LIBS=''
PROTOC=''
PTHREAD_CC=''
PTHREAD_CFLAGS=''
PTHREAD_LIBS=''
PYTHON='/usr/bin/python3.6'
PYTHONPATH=''
QR_CFLAGS=''
QR_LIBS=''
QT5_CFLAGS=''
QT5_LIBS=''
QTACCESSIBILITY_CFLAGS=''
QTACCESSIBILITY_LIBS=''
QTCGL_CFLAGS=''
QTCGL_LIBS=''
QTCLIPBOARD_CFLAGS=''
QTCLIPBOARD_LIBS=''
QTDEVICEDISCOVERY_CFLAGS=''
QTDEVICEDISCOVERY_LIBS=''
QTEVENTDISPATCHER_CFLAGS=''
QTEVENTDISPATCHER_LIBS=''
QTFB_CFLAGS=''
QTFB_LIBS=''
QTFONTDATABASE_CFLAGS=''
QTFONTDATABASE_LIBS=''
QTGRAPHICS_CFLAGS=''
QTGRAPHICS_LIBS=''
QTPLATFORM_CFLAGS=''
QTPLATFORM_LIBS=''
QTTHEME_CFLAGS=''
QTTHEME_LIBS=''
QTXCBQPA_CFLAGS=''
QTXCBQPA_LIBS=''
QT_DBUS_CFLAGS=''
QT_DBUS_INCLUDES=''
QT_DBUS_LIBS=''
QT_INCLUDES=''
QT_LDFLAGS=''
QT_LIBS=''
QT_PIE_FLAGS=''
QT_SELECT=''
QT_TEST_CFLAGS=''
QT_TEST_INCLUDES=''
QT_TEST_LIBS=''
QT_TRANSLATION_DIR=''
RANLIB='/usr/bin/ranlib'
RCC=''
READELF='/usr/bin/readelf'
RELDFLAGS=''
RSVG_CONVERT=''
SANITIZER_CXXFLAGS=''
SANITIZER_LDFLAGS=''
SED='/bin/sed'
SET_MAKE=''
SHANI_CXXFLAGS=''
SHELL='/bin/bash'
SSE41_CXXFLAGS=''
SSE42_CXXFLAGS=''
SSL_CFLAGS=''
SSL_LIBS=''
STRIP='/usr/bin/strip'
TARGET_DARWIN_FALSE=''
TARGET_DARWIN_TRUE=''
TARGET_WINDOWS_FALSE=''
TARGET_WINDOWS_TRUE=''
TESTDEFS=''
TIFFCP=''
UIC=''
UNIVALUE_CFLAGS=''
UNIVALUE_LIBS=''
USE_ASM_FALSE=''
USE_ASM_TRUE=''
USE_LCOV_FALSE=''
USE_LCOV_TRUE=''
USE_QRCODE=''
USE_QRCODE_FALSE=''
USE_QRCODE_TRUE=''
USE_UPNP=''
VENDETTA_CLI_NAME='vendetta-cli'
VENDETTA_DAEMON_NAME='vendettad'
VENDETTA_GUI_NAME='vendetta-qt'
VENDETTA_TX_NAME='vendetta-tx'
VERSION='0.17.1'
WARN_CXXFLAGS=' -Wall -Wextra -Wformat -Wvla -Wformat-security'
WINDOWS_BITS=''
WINDRES=''
X11XCB_CFLAGS=''
X11XCB_LIBS=''
XGETTEXT='/usr/bin/xgettext'
ZMQ_CFLAGS=''
ZMQ_LIBS=''
ac_ct_AR='ar'
ac_ct_CC='gcc'
ac_ct_CXX='g++'
ac_ct_DUMPBIN=''
ac_ct_OBJCXX=''
am__EXEEXT_FALSE=''
am__EXEEXT_TRUE=''
am__fastdepCC_FALSE='#'
am__fastdepCC_TRUE=''
am__fastdepCXX_FALSE='#'
am__fastdepCXX_TRUE=''
am__fastdepOBJCXX_FALSE='#'
am__fastdepOBJCXX_TRUE=''
am__include='include'
am__isrc=''
am__leading_dot='.'
am__nodep='_no'
am__quote=''
am__tar='$${TAR-tar} chof - "$$tardir"'
am__untar='$${TAR-tar} xf -'
ax_pthread_config=''
bindir='${exec_prefix}/bin'
build='x86_64-pc-linux-gnu'
build_alias=''
build_cpu='x86_64'
build_os='linux-gnu'
build_vendor='pc'
datadir='${datarootdir}'
datarootdir='${prefix}/share'
docdir='${datarootdir}/doc/${PACKAGE_TARNAME}'
dvidir='${docdir}'
exec_prefix='NONE'
host='x86_64-pc-linux-gnu'
host_alias=''
host_cpu='x86_64'
host_os='linux-gnu'
host_vendor='pc'
htmldir='${docdir}'
includedir='${prefix}/include'
infodir='${datarootdir}/info'
install_sh='${SHELL} /home/vendrey/Desktop/48zzIo2/build-aux/install-sh'
libdir='${exec_prefix}/lib'
libexecdir='${exec_prefix}/libexec'
localedir='${datarootdir}/locale'
localstatedir='${prefix}/var'
mandir='${datarootdir}/man'
mkdir_p='$(MKDIR_P)'
oldincludedir='/usr/include'
pdfdir='${docdir}'
prefix='NONE'
program_transform_name='s,x,x,'
psdir='${docdir}'
runstatedir='${localstatedir}/run'
sbindir='${exec_prefix}/sbin'
sharedstatedir='${prefix}/com'
subdirs=''
sysconfdir='${prefix}/etc'
target_alias=''

## ----------- ##
## confdefs.h. ##
## ----------- ##

/* confdefs.h */
#define PACKAGE_NAME "Vendetta Core"
#define PACKAGE_TARNAME "vendetta"
#define PACKAGE_VERSION "0.17.1"
#define PACKAGE_STRING "Vendetta Core 0.17.1"
#define PACKAGE_BUGREPORT "https://github.com/vendetta/vendetta/issues"
#define PACKAGE_URL "https://vendettacore.org/"
#define HAVE_CXX11 1
#define STDC_HEADERS 1
#define HAVE_SYS_TYPES_H 1
#define HAVE_SYS_STAT_H 1
#define HAVE_STDLIB_H 1
#define HAVE_STRING_H 1
#define HAVE_MEMORY_H 1
#define HAVE_STRINGS_H 1
#define HAVE_INTTYPES_H 1
#define HAVE_STDINT_H 1
#define HAVE_UNISTD_H 1
#define HAVE_DLFCN_H 1
#define LT_OBJDIR ".libs/"
#define USE_ASM 1

configure: caught signal 2
configure: exit 1
